[15:57:12] [ServerMain/INFO]: Environment: authHost='https://authserver.mojang.com', accountsHost='https://api.mojang.com', sessionHost='https://sessionserver.mojang.com', servicesHost='https://api.minecraftservices.com', name='PROD'
[15:57:13] [ServerMain/INFO]: Loaded 7 recipes
[15:57:14] [Server thread/INFO]: Starting minecraft server version 1.19.4
[15:57:14] [Server thread/INFO]: Loading properties
[15:57:14] [Server thread/INFO]: This server is running Paper version git-Paper-550 (MC: 1.19.4) (Implementing API version 1.19.4-R0.1-SNAPSHOT) (Git: 483368e on ver/1.19.4)
[15:57:14] [Server thread/INFO]: Server Ping Player Sample Count: 12
[15:57:14] [Server thread/INFO]: Using 4 threads for Netty based IO
[15:57:14] [Server thread/WARN]: [!] The timings profiler has been enabled but has been scheduled for removal from Paper in the future.
    We recommend installing the spark profiler as a replacement: https://spark.lucko.me/
    For more information please visit: https://github.com/PaperMC/Paper/issues/8948
[15:57:14] [Server thread/INFO]: [ChunkTaskScheduler] Chunk system is using 1 I/O threads, 2 worker threads, and gen parallelism of 2 threads
[15:57:14] [Server thread/INFO]: Default game type: ADVENTURE
[15:57:14] [Server thread/INFO]: Generating keypair
[15:57:15] [Server thread/INFO]: Starting Minecraft server on *:6666
[15:57:15] [Server thread/INFO]: Using epoll channel type
[15:57:15] [Server thread/INFO]: Paper: Using libdeflate (Linux x86_64) compression from Velocity.
[15:57:15] [Server thread/INFO]: Paper: Using OpenSSL 3.0.x (Linux x86_64) cipher from Velocity.
[15:57:15] [Server thread/WARN]: [org.bukkit.craftbukkit.v1_19_R3.legacy.CraftLegacy] Initializing Legacy Material Support. Unless you have legacy plugins and/or data this is a bug!
[15:57:18] [Server thread/WARN]: Legacy plugin RandomSk v2.7.2 does not specify an api-version.
[15:57:18] [Server thread/INFO]: [Skript] Loading server plugin Skript v2.9.0
[15:57:18] [Server thread/INFO]: [SkBee] Loading server plugin SkBee v3.5.7
[15:57:18] [Server thread/INFO]: [ProtocolLib] Loading server plugin ProtocolLib v5.3.0-SNAPSHOT-723
[15:57:18] [Server thread/INFO]: [Skuishy] Loading server plugin Skuishy v2.7
[15:57:18] [Server thread/INFO]: [Multiverse-Core] Loading server plugin Multiverse-Core v4.3.1-b861
[15:57:18] [Server thread/INFO]: [SkQuery] Loading server plugin SkQuery v4.1.10
[15:57:18] [Server thread/INFO]: [RandomSk] Loading server plugin RandomSk v2.7.2
[15:57:18] [Server thread/INFO]: Server permissions file permissions.yml is empty, ignoring it
[15:57:18] [Server thread/INFO]: [ProtocolLib] Enabling ProtocolLib v5.3.0-SNAPSHOT-723
[15:57:18] [Server thread/INFO]: Preparing level "lobby"
[15:57:18] [Server thread/INFO]: Preparing start region for dimension minecraft:overworld
[15:57:19] [Server thread/INFO]: Time elapsed: 115 ms
[15:57:19] [Server thread/INFO]: Preparing start region for dimension minecraft:the_end
[15:57:19] [Server thread/INFO]: Time elapsed: 30 ms
[15:57:19] [Server thread/INFO]: [Skript] Enabling Skript v2.9.0
[15:57:20] [ForkJoinPool.commonPool-worker-1/INFO]: [Skript] Vous utilisez actuellement la dernière version stable de Skript.
[15:57:22] [Server thread/INFO]: [Skript] Loaded 151084 aliases in 2881ms
[15:57:23] [Server thread/INFO]: [Skript]  ~ créé par & © Peter Güttinger alias Njol ~
[15:57:23] [Server thread/INFO]: [SkBee] Enabling SkBee v3.5.7
[15:57:24] [Server thread/INFO]: [SkBee] Loading NBTApi...
[15:57:24] [Server thread/INFO]: [SkBee] [NBTAPI] Found Minecraft: v1_19_R3! Trying to find NMS support
[15:57:24] [Server thread/INFO]: [SkBee] [NBTAPI] NMS support 'MC1_19_R3' loaded!
[15:57:24] [Server thread/INFO]: [SkBee] Successfully loaded NBTApi!
[15:57:24] [Server thread/INFO]: [SkBee] NBT Elements successfully loaded
[15:57:24] [Server thread/INFO]: [SkBee] Text Component Elements successfully loaded
[15:57:24] [Server thread/INFO]: [SkBee] Advancement Elements successfully loaded
[15:57:24] [Server thread/INFO]: [SkBee] BossBar Elements successfully loaded
[15:57:24] [Server thread/INFO]: [SkBee] Bound Elements successfully loaded
[15:57:24] [Server thread/INFO]: [SkBee] Damage Source elements disabled (Requires Minecraft 1.20.4+)
[15:57:24] [Server thread/INFO]: [SkBee] Display Entity elements successfully loaded
[15:57:24] [Server thread/INFO]: [SkBee] Fishing elements successfully loaded
[15:57:24] [Server thread/INFO]: [SkBee] Game Event Elements successfully loaded
[15:57:24] [Server thread/INFO]: [SkBee] Particle Elements successfully loaded
[15:57:24] [Server thread/INFO]: [SkBee] RayTrace elements successfully loaded
[15:57:24] [Server thread/INFO]: [SkBee] Recipe Elements successfully loaded
[15:57:24] [Server thread/INFO]: [SkBee] Scoreboard Elements successfully loaded
[15:57:24] [Server thread/INFO]: [SkBee] Scoreboard Objective Elements successfully loaded
[15:57:24] [Server thread/INFO]: [SkBee] Statistic Elements successfully loaded
[15:57:24] [Server thread/INFO]: [SkBee] Structure Elements successfully loaded
[15:57:24] [Server thread/INFO]: [SkBee] Minecraft Tag elements successfully loaded
[15:57:24] [Server thread/INFO]: [SkBee] Team Elements successfully loaded
[15:57:24] [Server thread/INFO]: [SkBee] Tick Manager elements disabled (Requires Minecraft 1.20.4+)
[15:57:24] [Server thread/INFO]: [SkBee] Villager Elements successfully loaded
[15:57:24] [Server thread/INFO]: [SkBee] Virtual Furnace Elements disabled via config
[15:57:24] [Server thread/INFO]: [SkBee] World Border Elements successfully loaded
[15:57:24] [Server thread/INFO]: [SkBee] World Creator Elements successfully loaded
[15:57:24] [Server thread/INFO]: [SkBee] Chunk Generator Elements disabled via config
[15:57:24] [Server thread/INFO]: [SkBee] Loaded (376) elements:
[15:57:24] [Server thread/INFO]: [SkBee]  - 55 events
[15:57:24] [Server thread/INFO]: [SkBee]  - 54 effects
[15:57:24] [Server thread/INFO]: [SkBee]  - 237 expressions
[15:57:24] [Server thread/INFO]: [SkBee]  - 21 conditions
[15:57:24] [Server thread/INFO]: [SkBee]  - 9 sections
[15:57:24] [Server thread/INFO]: [SkBee] Checking for update...
[15:57:24] [Server thread/INFO]: [SkBee] Plugin is not up to date!
[15:57:24] [Server thread/INFO]: [SkBee]  - Current version: v3.5.7
[15:57:24] [Server thread/INFO]: [SkBee]  - Available update: v3.5.8
[15:57:24] [Server thread/INFO]: [SkBee]  - Download available at: https://github.com/ShaneBeee/SkBee/releases
[15:57:24] [Server thread/INFO]: [SkBee] Successfully enabled v3.5.7 in 0,93 seconds
[15:57:24] [Server thread/INFO]: [Skuishy] Enabling Skuishy v2.7
[15:57:24] [Server thread/INFO]: [Skuishy] DecentHolograms elements not loaded.
[15:57:24] [Server thread/INFO]: [Skuishy] Vivecraft elements not loaded.
[15:57:24] [Server thread/INFO]: [Skuishy] Vulcan elements not loaded.
[15:57:24] [Server thread/INFO]: [Skuishy] General elements loaded.
[15:57:24] [Server thread/INFO]: [Skuishy] Note elements loaded.
[15:57:24] [Server thread/INFO]: [Skuishy] Permission elements loaded.
[15:57:24] [Server thread/INFO]: [Skuishy] Persistence elements loaded.
[15:57:24] [Server thread/INFO]: [Skuishy] Plugin elements loaded.
[15:57:24] [Server thread/INFO]: [Skuishy] Skin elements loaded.
[15:57:24] [Server thread/INFO]: [Skuishy] Skuishy has been enabled!
[15:57:24] [Server thread/INFO]: [Multiverse-Core] Enabling Multiverse-Core v4.3.1-b861
[15:57:24] [Server thread/WARN]: [Multiverse-Core] "Multiverse-Core v4.3.1-b861" has registered a listener for org.bukkit.event.entity.EntityCreatePortalEvent on method "public void com.onarandombox.MultiverseCore.listeners.MVPortalListener.entityPortalCreate(org.bukkit.event.entity.EntityCreatePortalEvent)", but the event is Deprecated. "Server performance will be affected"; please notify the authors [dumptruckman, Rigby, fernferret, lithium3141, main--].
[15:57:24] [Server thread/INFO]: [Multiverse-Core] §aWe are aware of the warning about the deprecated event. There is no alternative that allows us to do what we need to do and performance impact is negligible. It is safe to ignore.
[15:57:24] [Server thread/INFO]: Preparing start region for dimension minecraft:map1
[15:57:25] [Server thread/INFO]: Time elapsed: 129 ms
[15:57:25] [Server thread/INFO]: Preparing start region for dimension minecraft:map0
[15:57:25] [Server thread/INFO]: Time elapsed: 37 ms
[15:57:25] [Server thread/INFO]: [Multiverse-Core] 4 - World(s) loaded.
[15:57:25] [Server thread/WARN]: [Multiverse-Core] Buscript failed to load! The script command will be disabled! If you would like not to see this message, use `/mv conf enablebuscript false` to disable Buscript from loading.
[15:57:25] [Server thread/INFO]: [Multiverse-Core] Version 4.3.1-b861 (API v24) Enabled - By dumptruckman, Rigby, fernferret, lithium3141 and main--
[15:57:25] [Server thread/INFO]: [SkQuery] Enabling SkQuery v4.1.10
[15:57:25] [Server thread/INFO]: [skQuery] Locating classes from SkQuery...
[15:57:25] [Server thread/INFO]: [skQuery] Beginning to process a total of 117 from SkQuery
[15:57:25] [Server thread/INFO]: [skQuery] Out of 117 classes, 117 classes were loaded from SkQuery
[15:57:25] [Server thread/INFO]: [RandomSk] Enabling RandomSk v2.7.2*
[15:57:25] [Server thread/WARN]: ch.njol.skript.SkriptAPIException: Comparators cannot be retrieved until Skript has finished registrations.
[15:57:25] [Server thread/WARN]: 	at Skript-2.9.0.jar//org.skriptlang.skript.lang.comparator.Comparators.assertIsDoneLoading(Comparators.java:391)
[15:57:25] [Server thread/WARN]: 	at Skript-2.9.0.jar//org.skriptlang.skript.lang.comparator.Comparators.getComparatorInfo(Comparators.java:200)
[15:57:25] [Server thread/WARN]: 	at Skript-2.9.0.jar//org.skriptlang.skript.lang.comparator.Comparators.getComparator(Comparators.java:185)
[15:57:25] [Server thread/WARN]: 	at Skript-2.9.0.jar//ch.njol.skript.registrations.Comparators.getComparator(Comparators.java:66)
[15:57:25] [Server thread/WARN]: 	at RandomSk-2.8.0.jar//com.mirre.random.elements.CommonComparators.register(CommonComparators.java:12)
[15:57:25] [Server thread/WARN]: 	at RandomSk-2.8.0.jar//com.mirre.random.RandomSk.registerFeatures(RandomSk.java:111)
[15:57:25] [Server thread/WARN]: 	at RandomSk-2.8.0.jar//com.mirre.random.RandomSk.onEnable(RandomSk.java:84)
[15:57:25] [Server thread/WARN]: 	at org.bukkit.plugin.java.JavaPlugin.setEnabled(JavaPlugin.java:281)
[15:57:25] [Server thread/WARN]: 	at io.papermc.paper.plugin.manager.PaperPluginInstanceManager.enablePlugin(PaperPluginInstanceManager.java:189)
[15:57:25] [Server thread/WARN]: 	at io.papermc.paper.plugin.manager.PaperPluginManagerImpl.enablePlugin(PaperPluginManagerImpl.java:104)
[15:57:25] [Server thread/WARN]: 	at org.bukkit.plugin.SimplePluginManager.enablePlugin(SimplePluginManager.java:507)
[15:57:25] [Server thread/WARN]: 	at org.bukkit.craftbukkit.v1_19_R3.CraftServer.enablePlugin(CraftServer.java:563)
[15:57:25] [Server thread/WARN]: 	at org.bukkit.craftbukkit.v1_19_R3.CraftServer.enablePlugins(CraftServer.java:474)
[15:57:25] [Server thread/WARN]: 	at net.minecraft.server.MinecraftServer.loadWorld0(MinecraftServer.java:638)
[15:57:25] [Server thread/WARN]: 	at net.minecraft.server.MinecraftServer.loadLevel(MinecraftServer.java:437)
[15:57:25] [Server thread/WARN]: 	at net.minecraft.server.dedicated.DedicatedServer.e(DedicatedServer.java:308)
[15:57:25] [Server thread/WARN]: 	at net.minecraft.server.MinecraftServer.w(MinecraftServer.java:1104)
[15:57:25] [Server thread/WARN]: 	at net.minecraft.server.MinecraftServer.lambda$spin$0(MinecraftServer.java:320)
[15:57:25] [Server thread/WARN]: 	at java.base/java.lang.Thread.run(Thread.java:1570)
[15:57:25] [Server thread/INFO]: Running delayed init tasks
[15:57:25] [Server thread/INFO]: [Skript] Loading variables...
[15:57:25] [Server thread/INFO]: [Skript] Loaded 397 variables in 0.0 seconds
[15:57:26] [Craft Scheduler Thread - 3 - Skuishy/INFO]: [Skuishy] Got latest version.
[15:57:29] [Server thread/INFO]: Pre-clearing ...
[15:57:29] [Server thread/INFO]: Removing teams ...
[15:57:29] [Server thread/INFO]: Removed team [Blue]
[15:57:29] [Server thread/INFO]: Unknown team 'Red'
[15:57:29] [Server thread/INFO]: Created team [Red]
[15:57:29] [Server thread/INFO]: Updated the color for team [Red] to red
[15:57:29] [Server thread/INFO]: Collision rule for team [Red] is now "Never"
[15:57:29] [Server thread/INFO]: Disabled friendly fire for team [Red]
[15:57:29] [Server thread/INFO]: Nametag visibility for team [Red] is now "Hide for other teams"
[15:57:29] [Server thread/INFO]: Created team [Blue]
[15:57:29] [Server thread/INFO]: Updated the color for team [Blue] to blue
[15:57:29] [Server thread/INFO]: Collision rule for team [Blue] is now "Never"
[15:57:29] [Server thread/INFO]: Disabled friendly fire for team [Blue]
[15:57:29] [Server thread/INFO]: Nametag visibility for team [Blue] is now "Hide for other teams"
[15:57:29] [Server thread/INFO]: Clearing workspace ...
[15:57:29] [Server thread/INFO]: Teams Initialized by <none> !
[15:57:29] [Server thread/INFO]: Make you sure to rejoin your team for a good experience !
[15:57:29] [Server thread/INFO]: [Skript] Tous les scripts ont été chargés sans erreur.
[15:57:29] [Server thread/INFO]: [Skript] 1 script a été chargé avec un total de 55 structures en 3.38 seconds
[15:57:29] [Server thread/INFO]: [Skript] Chargement terminé.
[15:57:29] [Server thread/INFO]: Done (14.876s)! For help, type "help"
[15:57:29] [Server thread/INFO]: Timings Reset
[15:57:35] [User Authenticator #0/INFO]: UUID of player Gator3000 is 9a887d64-af45-4c7b-8072-e7a9c63be1f5
[15:57:35] [Server thread/INFO]: Added Gator3000 to team [Red]
[15:57:35] [Server thread/INFO]: Members of team Blue : <none>
[15:57:35] [Server thread/INFO]: Members of team Red : Gator3000
[15:57:35] [Server thread/INFO]: 
[15:57:35] [Server thread/INFO]: Gator3000[/127.0.0.1:56648] logged in with entity id 11 at ([lobby]8.423292610443834, -60.0, 8.47045167955531)
[15:57:47] [Server thread/INFO]: Gator3000 issued server command: /mvtp map1
[15:58:28] [Server thread/INFO]: Killed 256 entities
[15:59:12] [Server thread/INFO]: Applied effect Slowness to Gator3000
[15:59:12] [Server thread/INFO]: Unable to apply this effect (target is either immune to effects, or has something stronger)
[15:59:12] [Server thread/INFO]: Applied effect Slowness to Gator3000
[15:59:12] [Server thread/INFO]: Applied effect Slowness to Gator3000
[15:59:12] [Server thread/INFO]: Applied effect Slowness to Gator3000
[15:59:12] [Server thread/INFO]: Applied effect Slowness to Gator3000
[15:59:12] [Server thread/INFO]: Applied effect Slowness to Gator3000
[15:59:12] [Server thread/INFO]: Applied effect Slowness to Gator3000
[15:59:12] [Server thread/INFO]: Applied effect Slowness to Gator3000
[15:59:12] [Server thread/INFO]: Applied effect Slowness to Gator3000
[15:59:12] [Server thread/INFO]: Applied effect Slowness to Gator3000
[15:59:12] [Server thread/INFO]: Applied effect Slowness to Gator3000
[15:59:12] [Server thread/INFO]: Applied effect Slowness to Gator3000
[15:59:12] [Server thread/INFO]: Applied effect Slowness to Gator3000
[15:59:12] [Server thread/INFO]: Applied effect Slowness to Gator3000
[15:59:12] [Server thread/INFO]: Applied effect Slowness to Gator3000
[15:59:12] [Server thread/INFO]: Applied effect Slowness to Gator3000
[15:59:12] [Server thread/INFO]: Applied effect Slowness to Gator3000
[15:59:12] [Server thread/INFO]: Applied effect Slowness to Gator3000
[15:59:13] [Server thread/INFO]: Applied effect Slowness to Gator3000
[15:59:13] [Server thread/INFO]: Applied effect Slowness to Gator3000
[15:59:13] [Server thread/INFO]: Applied effect Slowness to Gator3000
[15:59:13] [Server thread/INFO]: Applied effect Slowness to Gator3000
[15:59:13] [Server thread/INFO]: Applied effect Slowness to Gator3000
[15:59:13] [Server thread/INFO]: Applied effect Slowness to Gator3000
[15:59:13] [Server thread/INFO]: Applied effect Slowness to Gator3000
[15:59:13] [Server thread/INFO]: Applied effect Slowness to Gator3000
[15:59:13] [Server thread/INFO]: Applied effect Slowness to Gator3000
[15:59:13] [Server thread/INFO]: Applied effect Slowness to Gator3000
[15:59:13] [Server thread/INFO]: Applied effect Slowness to Gator3000
[15:59:13] [Server thread/INFO]: Applied effect Slowness to Gator3000
[15:59:13] [Server thread/INFO]: Applied effect Slowness to Gator3000
[15:59:13] [Server thread/INFO]: Applied effect Slowness to Gator3000
[15:59:13] [Server thread/INFO]: Applied effect Slowness to Gator3000
[15:59:13] [Server thread/INFO]: Applied effect Slowness to Gator3000
[15:59:13] [Server thread/INFO]: Applied effect Slowness to Gator3000
[15:59:13] [Server thread/INFO]: Applied effect Slowness to Gator3000
[15:59:13] [Server thread/INFO]: Applied effect Slowness to Gator3000
[15:59:13] [Server thread/INFO]: Applied effect Slowness to Gator3000
[15:59:14] [Server thread/INFO]: Applied effect Slowness to Gator3000
[15:59:14] [Server thread/INFO]: Applied effect Slowness to Gator3000
[15:59:14] [Server thread/INFO]: Applied effect Slowness to Gator3000
[15:59:14] [Server thread/INFO]: Applied effect Slowness to Gator3000
[15:59:14] [Server thread/INFO]: Applied effect Slowness to Gator3000
[15:59:14] [Server thread/INFO]: Applied effect Slowness to Gator3000
[15:59:14] [Server thread/INFO]: Applied effect Slowness to Gator3000
[15:59:14] [Server thread/INFO]: Removed effect Slowness from Gator3000
[15:59:14] [Server thread/INFO]: Killed 255 entities
[15:59:33] [Server thread/INFO]: Applied effect Slowness to Gator3000
[15:59:33] [Server thread/INFO]: Unable to apply this effect (target is either immune to effects, or has something stronger)
[15:59:33] [Server thread/INFO]: Applied effect Slowness to Gator3000
[15:59:33] [Server thread/INFO]: Applied effect Slowness to Gator3000
[15:59:33] [Server thread/INFO]: Applied effect Slowness to Gator3000
[15:59:33] [Server thread/INFO]: Applied effect Slowness to Gator3000
[15:59:33] [Server thread/INFO]: Applied effect Slowness to Gator3000
[15:59:33] [Server thread/INFO]: Applied effect Slowness to Gator3000
[15:59:33] [Server thread/INFO]: Applied effect Slowness to Gator3000
[15:59:33] [Server thread/INFO]: Applied effect Slowness to Gator3000
[15:59:33] [Server thread/INFO]: Applied effect Slowness to Gator3000
[15:59:33] [Server thread/INFO]: Applied effect Slowness to Gator3000
[15:59:33] [Server thread/INFO]: Applied effect Slowness to Gator3000
[15:59:33] [Server thread/INFO]: Applied effect Slowness to Gator3000
[15:59:33] [Server thread/INFO]: Applied effect Slowness to Gator3000
[15:59:33] [Server thread/INFO]: Applied effect Slowness to Gator3000
[15:59:33] [Server thread/INFO]: Applied effect Slowness to Gator3000
[15:59:34] [Server thread/INFO]: Applied effect Slowness to Gator3000
[15:59:34] [Server thread/INFO]: Applied effect Slowness to Gator3000
[15:59:34] [Server thread/INFO]: Applied effect Slowness to Gator3000
[15:59:34] [Server thread/INFO]: Applied effect Slowness to Gator3000
[15:59:34] [Server thread/INFO]: Applied effect Slowness to Gator3000
[15:59:34] [Server thread/INFO]: Applied effect Slowness to Gator3000
[15:59:34] [Server thread/INFO]: Applied effect Slowness to Gator3000
[15:59:34] [Server thread/INFO]: Applied effect Slowness to Gator3000
[15:59:34] [Server thread/INFO]: Applied effect Slowness to Gator3000
[15:59:34] [Server thread/INFO]: Applied effect Slowness to Gator3000
[15:59:34] [Server thread/INFO]: Applied effect Slowness to Gator3000
[15:59:34] [Server thread/INFO]: Applied effect Slowness to Gator3000
[15:59:34] [Server thread/INFO]: Applied effect Slowness to Gator3000
[15:59:34] [Server thread/INFO]: Applied effect Slowness to Gator3000
[15:59:34] [Server thread/INFO]: Applied effect Slowness to Gator3000
[15:59:34] [Server thread/INFO]: Applied effect Slowness to Gator3000
[15:59:34] [Server thread/INFO]: Applied effect Slowness to Gator3000
[15:59:34] [Server thread/INFO]: Applied effect Slowness to Gator3000
[15:59:34] [Server thread/INFO]: Applied effect Slowness to Gator3000
[15:59:34] [Server thread/INFO]: Applied effect Slowness to Gator3000
[15:59:35] [Server thread/INFO]: Removed effect Slowness from Gator3000
[15:59:36] [Server thread/INFO]: Applied effect Slowness to Gator3000
[15:59:36] [Server thread/INFO]: Unable to apply this effect (target is either immune to effects, or has something stronger)
[15:59:36] [Server thread/INFO]: Applied effect Slowness to Gator3000
[15:59:36] [Server thread/INFO]: Applied effect Slowness to Gator3000
[15:59:36] [Server thread/INFO]: Applied effect Slowness to Gator3000
[15:59:37] [Server thread/INFO]: Applied effect Slowness to Gator3000
[15:59:37] [Server thread/INFO]: Applied effect Slowness to Gator3000
[15:59:37] [Server thread/INFO]: Applied effect Slowness to Gator3000
[15:59:37] [Server thread/INFO]: Applied effect Slowness to Gator3000
[15:59:37] [Server thread/INFO]: Applied effect Slowness to Gator3000
[15:59:37] [Server thread/INFO]: Applied effect Slowness to Gator3000
[15:59:37] [Server thread/INFO]: Applied effect Slowness to Gator3000
[15:59:37] [Server thread/INFO]: Applied effect Slowness to Gator3000
[15:59:37] [Server thread/INFO]: Applied effect Slowness to Gator3000
[15:59:37] [Server thread/INFO]: Applied effect Slowness to Gator3000
[15:59:37] [Server thread/INFO]: Applied effect Slowness to Gator3000
[15:59:37] [Server thread/INFO]: Applied effect Slowness to Gator3000
[15:59:37] [Server thread/INFO]: Applied effect Slowness to Gator3000
[15:59:37] [Server thread/INFO]: Applied effect Slowness to Gator3000
[15:59:37] [Server thread/INFO]: Applied effect Slowness to Gator3000
[15:59:37] [Server thread/INFO]: Applied effect Slowness to Gator3000
[15:59:37] [Server thread/INFO]: Applied effect Slowness to Gator3000
[15:59:37] [Server thread/INFO]: Applied effect Slowness to Gator3000
[15:59:37] [Server thread/INFO]: Applied effect Slowness to Gator3000
[15:59:37] [Server thread/INFO]: Applied effect Slowness to Gator3000
[15:59:38] [Server thread/INFO]: Applied effect Slowness to Gator3000
[15:59:38] [Server thread/INFO]: Applied effect Slowness to Gator3000
[15:59:38] [Server thread/INFO]: Applied effect Slowness to Gator3000
[15:59:38] [Server thread/INFO]: Applied effect Slowness to Gator3000
[15:59:38] [Server thread/INFO]: Applied effect Slowness to Gator3000
[15:59:38] [Server thread/INFO]: Applied effect Slowness to Gator3000
[15:59:38] [Server thread/INFO]: Applied effect Slowness to Gator3000
[15:59:38] [Server thread/INFO]: Applied effect Slowness to Gator3000
[15:59:38] [Server thread/INFO]: Applied effect Slowness to Gator3000
[15:59:38] [Server thread/INFO]: Applied effect Slowness to Gator3000
[15:59:38] [Server thread/INFO]: Applied effect Slowness to Gator3000
[15:59:38] [Server thread/INFO]: Applied effect Slowness to Gator3000
[15:59:38] [Server thread/INFO]: Applied effect Slowness to Gator3000
[15:59:38] [Server thread/INFO]: Applied effect Slowness to Gator3000
[15:59:38] [Server thread/INFO]: Applied effect Slowness to Gator3000
[15:59:38] [Server thread/INFO]: Applied effect Slowness to Gator3000
[15:59:38] [Server thread/INFO]: Applied effect Slowness to Gator3000
[15:59:38] [Server thread/INFO]: Applied effect Slowness to Gator3000
[15:59:38] [Server thread/INFO]: Applied effect Slowness to Gator3000
[15:59:38] [Server thread/INFO]: Applied effect Slowness to Gator3000
[15:59:39] [Server thread/INFO]: Applied effect Slowness to Gator3000
[15:59:39] [Server thread/INFO]: Applied effect Slowness to Gator3000
[15:59:39] [Server thread/INFO]: Applied effect Slowness to Gator3000
[15:59:39] [Server thread/INFO]: Applied effect Slowness to Gator3000
[15:59:39] [Server thread/INFO]: Applied effect Slowness to Gator3000
[15:59:39] [Server thread/INFO]: Applied effect Slowness to Gator3000
[15:59:39] [Server thread/INFO]: Applied effect Slowness to Gator3000
[15:59:39] [Server thread/INFO]: Applied effect Slowness to Gator3000
[15:59:39] [Server thread/INFO]: Applied effect Slowness to Gator3000
[15:59:39] [Server thread/INFO]: Applied effect Slowness to Gator3000
[15:59:39] [Server thread/INFO]: Applied effect Slowness to Gator3000
[15:59:39] [Server thread/INFO]: Applied effect Slowness to Gator3000
[15:59:39] [Server thread/INFO]: Removed effect Slowness from Gator3000
[16:01:05] [Server thread/INFO]: Killed 253 entities
[16:01:17] [Server thread/INFO]: Set 0 experience levels on Gator3000
[16:01:17] [Server thread/INFO]: Set 0 experience points on Gator3000
[16:01:21] [Server thread/INFO]: Set 0 experience levels on Gator3000
[16:01:21] [Server thread/INFO]: Set 0 experience points on Gator3000
[16:01:25] [Server thread/INFO]: Set 0 experience levels on Gator3000
[16:01:25] [Server thread/INFO]: Set 0 experience points on Gator3000
[16:01:28] [Server thread/INFO]: Set 0 experience levels on Gator3000
[16:01:28] [Server thread/INFO]: Set 0 experience points on Gator3000
[16:01:29] [Server thread/INFO]: Set 0 experience levels on Gator3000
[16:01:29] [Server thread/INFO]: Set 0 experience points on Gator3000
[16:01:31] [Server thread/INFO]: Set 0 experience levels on Gator3000
[16:01:31] [Server thread/INFO]: Set 0 experience points on Gator3000
[16:01:39] [Server thread/INFO]: Applied effect Slowness to Gator3000
[16:01:39] [Server thread/INFO]: Unable to apply this effect (target is either immune to effects, or has something stronger)
[16:01:39] [Server thread/INFO]: Applied effect Slowness to Gator3000
[16:01:39] [Server thread/INFO]: Applied effect Slowness to Gator3000
[16:01:39] [Server thread/INFO]: Applied effect Slowness to Gator3000
[16:01:39] [Server thread/INFO]: Applied effect Slowness to Gator3000
[16:01:39] [Server thread/INFO]: Applied effect Slowness to Gator3000
[16:01:39] [Server thread/INFO]: Applied effect Slowness to Gator3000
[16:01:39] [Server thread/INFO]: Applied effect Slowness to Gator3000
[16:01:39] [Server thread/INFO]: Applied effect Slowness to Gator3000
[16:01:39] [Server thread/INFO]: Applied effect Slowness to Gator3000
[16:01:39] [Server thread/INFO]: Applied effect Slowness to Gator3000
[16:01:39] [Server thread/INFO]: Applied effect Slowness to Gator3000
[16:01:39] [Server thread/INFO]: Applied effect Slowness to Gator3000
[16:01:39] [Server thread/INFO]: Applied effect Slowness to Gator3000
[16:01:39] [Server thread/INFO]: Applied effect Slowness to Gator3000
[16:01:39] [Server thread/INFO]: Applied effect Slowness to Gator3000
[16:01:40] [Server thread/INFO]: Applied effect Slowness to Gator3000
[16:01:40] [Server thread/INFO]: Applied effect Slowness to Gator3000
[16:01:40] [Server thread/INFO]: Applied effect Slowness to Gator3000
[16:01:40] [Server thread/INFO]: Applied effect Slowness to Gator3000
[16:01:40] [Server thread/INFO]: Applied effect Slowness to Gator3000
[16:01:40] [Server thread/INFO]: Applied effect Slowness to Gator3000
[16:01:40] [Server thread/INFO]: Applied effect Slowness to Gator3000
[16:01:40] [Server thread/INFO]: Applied effect Slowness to Gator3000
[16:01:40] [Server thread/INFO]: Applied effect Slowness to Gator3000
[16:01:40] [Server thread/INFO]: Applied effect Slowness to Gator3000
[16:01:40] [Server thread/INFO]: Applied effect Slowness to Gator3000
[16:01:40] [Server thread/INFO]: Applied effect Slowness to Gator3000
[16:01:40] [Server thread/INFO]: Applied effect Slowness to Gator3000
[16:01:40] [Server thread/INFO]: Applied effect Slowness to Gator3000
[16:01:40] [Server thread/INFO]: Removed effect Slowness from Gator3000
[16:01:47] [Server thread/INFO]: Applied effect Slowness to Gator3000
[16:01:47] [Server thread/INFO]: Unable to apply this effect (target is either immune to effects, or has something stronger)
[16:01:47] [Server thread/INFO]: Applied effect Slowness to Gator3000
[16:01:47] [Server thread/INFO]: Applied effect Slowness to Gator3000
[16:01:47] [Server thread/INFO]: Applied effect Slowness to Gator3000
[16:01:47] [Server thread/INFO]: Applied effect Slowness to Gator3000
[16:01:47] [Server thread/INFO]: Applied effect Slowness to Gator3000
[16:01:47] [Server thread/INFO]: Applied effect Slowness to Gator3000
[16:01:48] [Server thread/INFO]: Applied effect Slowness to Gator3000
[16:01:48] [Server thread/INFO]: Applied effect Slowness to Gator3000
[16:01:48] [Server thread/INFO]: Applied effect Slowness to Gator3000
[16:01:48] [Server thread/INFO]: Applied effect Slowness to Gator3000
[16:01:48] [Server thread/INFO]: Applied effect Slowness to Gator3000
[16:01:48] [Server thread/INFO]: Applied effect Slowness to Gator3000
[16:01:48] [Server thread/INFO]: Applied effect Slowness to Gator3000
[16:01:48] [Server thread/INFO]: Applied effect Slowness to Gator3000
[16:01:48] [Server thread/INFO]: Applied effect Slowness to Gator3000
[16:01:48] [Server thread/INFO]: Applied effect Slowness to Gator3000
[16:01:48] [Server thread/INFO]: Applied effect Slowness to Gator3000
[16:01:48] [Server thread/INFO]: Applied effect Slowness to Gator3000
[16:01:48] [Server thread/INFO]: Applied effect Slowness to Gator3000
[16:01:48] [Server thread/INFO]: Applied effect Slowness to Gator3000
[16:01:48] [Server thread/INFO]: Applied effect Slowness to Gator3000
[16:01:48] [Server thread/INFO]: Applied effect Slowness to Gator3000
[16:01:48] [Server thread/INFO]: Applied effect Slowness to Gator3000
[16:01:48] [Server thread/INFO]: Applied effect Slowness to Gator3000
[16:01:48] [Server thread/INFO]: Applied effect Slowness to Gator3000
[16:01:48] [Server thread/INFO]: Applied effect Slowness to Gator3000
[16:01:49] [Server thread/INFO]: Applied effect Slowness to Gator3000
[16:01:49] [Server thread/INFO]: Applied effect Slowness to Gator3000
[16:01:49] [Server thread/INFO]: Applied effect Slowness to Gator3000
[16:01:49] [Server thread/INFO]: Applied effect Slowness to Gator3000
[16:01:49] [Server thread/INFO]: Applied effect Slowness to Gator3000
[16:01:49] [Server thread/INFO]: Applied effect Slowness to Gator3000
[16:01:49] [Server thread/INFO]: Applied effect Slowness to Gator3000
[16:01:49] [Server thread/INFO]: Applied effect Slowness to Gator3000
[16:01:49] [Server thread/INFO]: Applied effect Slowness to Gator3000
[16:01:49] [Server thread/INFO]: Applied effect Slowness to Gator3000
[16:01:49] [Server thread/INFO]: Applied effect Slowness to Gator3000
[16:01:49] [Server thread/INFO]: Applied effect Slowness to Gator3000
[16:01:49] [Server thread/INFO]: Removed effect Slowness from Gator3000
[16:02:00] [Server thread/INFO]: Applied effect Slowness to Gator3000
[16:02:00] [Server thread/INFO]: Unable to apply this effect (target is either immune to effects, or has something stronger)
[16:02:00] [Server thread/INFO]: Applied effect Slowness to Gator3000
[16:02:00] [Server thread/INFO]: Applied effect Slowness to Gator3000
[16:02:00] [Server thread/INFO]: Applied effect Slowness to Gator3000
[16:02:00] [Server thread/INFO]: Applied effect Slowness to Gator3000
[16:02:00] [Server thread/INFO]: Applied effect Slowness to Gator3000
[16:02:00] [Server thread/INFO]: Applied effect Slowness to Gator3000
[16:02:00] [Server thread/INFO]: Applied effect Slowness to Gator3000
[16:02:00] [Server thread/INFO]: Applied effect Slowness to Gator3000
[16:02:00] [Server thread/INFO]: Applied effect Slowness to Gator3000
[16:02:00] [Server thread/INFO]: Applied effect Slowness to Gator3000
[16:02:00] [Server thread/INFO]: Applied effect Slowness to Gator3000
[16:02:00] [Server thread/INFO]: Applied effect Slowness to Gator3000
[16:02:00] [Server thread/INFO]: Applied effect Slowness to Gator3000
[16:02:00] [Server thread/INFO]: Applied effect Slowness to Gator3000
[16:02:00] [Server thread/INFO]: Applied effect Slowness to Gator3000
[16:02:00] [Server thread/INFO]: Applied effect Slowness to Gator3000
[16:02:00] [Server thread/INFO]: Applied effect Slowness to Gator3000
[16:02:01] [Server thread/INFO]: Applied effect Slowness to Gator3000
[16:02:01] [Server thread/INFO]: Applied effect Slowness to Gator3000
[16:02:01] [Server thread/INFO]: Applied effect Slowness to Gator3000
[16:02:01] [Server thread/INFO]: Applied effect Slowness to Gator3000
[16:02:01] [Server thread/INFO]: Applied effect Slowness to Gator3000
[16:02:01] [Server thread/INFO]: Applied effect Slowness to Gator3000
[16:02:01] [Server thread/INFO]: Applied effect Slowness to Gator3000
[16:02:01] [Server thread/INFO]: Applied effect Slowness to Gator3000
[16:02:01] [Server thread/INFO]: Applied effect Slowness to Gator3000
[16:02:01] [Server thread/INFO]: Applied effect Slowness to Gator3000
[16:02:01] [Server thread/INFO]: Applied effect Slowness to Gator3000
[16:02:01] [Server thread/INFO]: Applied effect Slowness to Gator3000
[16:02:01] [Server thread/INFO]: Applied effect Slowness to Gator3000
[16:02:01] [Server thread/INFO]: Applied effect Slowness to Gator3000
[16:02:01] [Server thread/INFO]: Applied effect Slowness to Gator3000
[16:02:01] [Server thread/INFO]: Applied effect Slowness to Gator3000
[16:02:01] [Server thread/INFO]: Applied effect Slowness to Gator3000
[16:02:01] [Server thread/INFO]: Applied effect Slowness to Gator3000
[16:02:01] [Server thread/INFO]: Applied effect Slowness to Gator3000
[16:02:01] [Server thread/INFO]: Applied effect Slowness to Gator3000
[16:02:02] [Server thread/INFO]: Applied effect Slowness to Gator3000
[16:02:02] [Server thread/INFO]: Applied effect Slowness to Gator3000
[16:02:02] [Server thread/INFO]: Applied effect Slowness to Gator3000
[16:02:02] [Server thread/INFO]: Applied effect Slowness to Gator3000
[16:02:02] [Server thread/INFO]: Applied effect Slowness to Gator3000
[16:02:02] [Server thread/INFO]: Applied effect Slowness to Gator3000
[16:02:02] [Server thread/INFO]: Applied effect Slowness to Gator3000
[16:02:02] [Server thread/INFO]: Applied effect Slowness to Gator3000
[16:02:02] [Server thread/INFO]: Applied effect Slowness to Gator3000
[16:02:02] [Server thread/INFO]: Applied effect Slowness to Gator3000
[16:02:02] [Server thread/INFO]: Applied effect Slowness to Gator3000
[16:02:02] [Server thread/INFO]: Applied effect Slowness to Gator3000
[16:02:02] [Server thread/INFO]: Applied effect Slowness to Gator3000
[16:02:02] [Server thread/INFO]: Applied effect Slowness to Gator3000
[16:02:02] [Server thread/INFO]: Applied effect Slowness to Gator3000
[16:02:02] [Server thread/INFO]: Applied effect Slowness to Gator3000
[16:02:02] [Server thread/INFO]: Applied effect Slowness to Gator3000
[16:02:02] [Server thread/INFO]: Applied effect Slowness to Gator3000
[16:02:02] [Server thread/INFO]: Applied effect Slowness to Gator3000
[16:02:02] [Server thread/INFO]: Applied effect Slowness to Gator3000
[16:02:03] [Server thread/INFO]: Applied effect Slowness to Gator3000
[16:02:03] [Server thread/INFO]: Applied effect Slowness to Gator3000
[16:02:03] [Server thread/INFO]: Applied effect Slowness to Gator3000
[16:02:03] [Server thread/INFO]: Applied effect Slowness to Gator3000
[16:02:03] [Server thread/INFO]: Applied effect Slowness to Gator3000
[16:02:03] [Server thread/INFO]: Applied effect Slowness to Gator3000
[16:02:03] [Server thread/INFO]: Applied effect Slowness to Gator3000
[16:02:03] [Server thread/INFO]: Applied effect Slowness to Gator3000
[16:02:03] [Server thread/INFO]: Applied effect Slowness to Gator3000
[16:02:03] [Server thread/INFO]: Applied effect Slowness to Gator3000
[16:02:03] [Server thread/INFO]: Applied effect Slowness to Gator3000
[16:02:03] [Server thread/INFO]: Applied effect Slowness to Gator3000
[16:02:03] [Server thread/INFO]: Applied effect Slowness to Gator3000
[16:02:03] [Server thread/INFO]: Applied effect Slowness to Gator3000
[16:02:03] [Server thread/INFO]: Applied effect Slowness to Gator3000
[16:02:03] [Server thread/INFO]: Applied effect Slowness to Gator3000
[16:02:03] [Server thread/INFO]: Applied effect Slowness to Gator3000
[16:02:03] [Server thread/INFO]: Applied effect Slowness to Gator3000
[16:02:03] [Server thread/INFO]: Applied effect Slowness to Gator3000
[16:02:03] [Server thread/INFO]: Applied effect Slowness to Gator3000
[16:02:04] [Server thread/INFO]: Applied effect Slowness to Gator3000
[16:02:04] [Server thread/INFO]: Applied effect Slowness to Gator3000
[16:02:04] [Server thread/INFO]: Applied effect Slowness to Gator3000
[16:02:04] [Server thread/INFO]: Applied effect Slowness to Gator3000
[16:02:04] [Server thread/INFO]: Applied effect Slowness to Gator3000
[16:02:04] [Server thread/INFO]: Applied effect Slowness to Gator3000
[16:02:04] [Server thread/INFO]: Applied effect Slowness to Gator3000
[16:02:04] [Server thread/INFO]: Applied effect Slowness to Gator3000
[16:02:04] [Server thread/INFO]: Applied effect Slowness to Gator3000
[16:02:04] [Server thread/INFO]: Applied effect Slowness to Gator3000
[16:02:04] [Server thread/INFO]: Applied effect Slowness to Gator3000
[16:02:04] [Server thread/INFO]: Applied effect Slowness to Gator3000
[16:02:04] [Server thread/INFO]: Applied effect Slowness to Gator3000
[16:02:04] [Server thread/INFO]: Applied effect Slowness to Gator3000
[16:02:04] [Server thread/INFO]: Applied effect Slowness to Gator3000
[16:02:04] [Server thread/INFO]: Applied effect Slowness to Gator3000
[16:02:04] [Server thread/INFO]: Applied effect Slowness to Gator3000
[16:02:04] [Server thread/INFO]: Applied effect Slowness to Gator3000
[16:02:04] [Server thread/INFO]: Applied effect Slowness to Gator3000
[16:02:04] [Server thread/INFO]: Applied effect Slowness to Gator3000
[16:02:05] [Server thread/INFO]: Applied effect Slowness to Gator3000
[16:02:05] [Server thread/INFO]: Applied effect Slowness to Gator3000
[16:02:05] [Server thread/INFO]: Removed effect Slowness from Gator3000
[16:03:10] [Server thread/INFO]: Applied effect Slowness to Gator3000
[16:03:10] [Server thread/INFO]: Unable to apply this effect (target is either immune to effects, or has something stronger)
[16:03:10] [Server thread/INFO]: Applied effect Slowness to Gator3000
[16:03:10] [Server thread/INFO]: Applied effect Slowness to Gator3000
[16:03:10] [Server thread/INFO]: Applied effect Slowness to Gator3000
[16:03:10] [Server thread/INFO]: Applied effect Slowness to Gator3000
[16:03:10] [Server thread/INFO]: Applied effect Slowness to Gator3000
[16:03:10] [Server thread/INFO]: Applied effect Slowness to Gator3000
[16:03:10] [Server thread/INFO]: Applied effect Slowness to Gator3000
[16:03:10] [Server thread/INFO]: Applied effect Slowness to Gator3000
[16:03:10] [Server thread/INFO]: Applied effect Slowness to Gator3000
[16:03:10] [Server thread/INFO]: Applied effect Slowness to Gator3000
[16:03:10] [Server thread/INFO]: Applied effect Slowness to Gator3000
[16:03:10] [Server thread/INFO]: Applied effect Slowness to Gator3000
[16:03:10] [Server thread/INFO]: Applied effect Slowness to Gator3000
[16:03:10] [Server thread/INFO]: Applied effect Slowness to Gator3000
[16:03:10] [Server thread/INFO]: Applied effect Slowness to Gator3000
[16:03:10] [Server thread/INFO]: Applied effect Slowness to Gator3000
[16:03:10] [Server thread/INFO]: Applied effect Slowness to Gator3000
[16:03:10] [Server thread/INFO]: Applied effect Slowness to Gator3000
[16:03:10] [Server thread/INFO]: Applied effect Slowness to Gator3000
[16:03:11] [Server thread/INFO]: Applied effect Slowness to Gator3000
[16:03:11] [Server thread/INFO]: Applied effect Slowness to Gator3000
[16:03:11] [Server thread/INFO]: Applied effect Slowness to Gator3000
[16:03:11] [Server thread/INFO]: Applied effect Slowness to Gator3000
[16:03:11] [Server thread/INFO]: Applied effect Slowness to Gator3000
[16:03:11] [Server thread/INFO]: Applied effect Slowness to Gator3000
[16:03:11] [Server thread/INFO]: Applied effect Slowness to Gator3000
[16:03:11] [Server thread/INFO]: Applied effect Slowness to Gator3000
[16:03:11] [Server thread/INFO]: Applied effect Slowness to Gator3000
[16:03:11] [Server thread/INFO]: Applied effect Slowness to Gator3000
[16:03:11] [Server thread/INFO]: Applied effect Slowness to Gator3000
[16:03:11] [Server thread/INFO]: Applied effect Slowness to Gator3000
[16:03:11] [Server thread/INFO]: Applied effect Slowness to Gator3000
[16:03:11] [Server thread/INFO]: Applied effect Slowness to Gator3000
[16:03:11] [Server thread/INFO]: Applied effect Slowness to Gator3000
[16:03:11] [Server thread/INFO]: Applied effect Slowness to Gator3000
[16:03:11] [Server thread/INFO]: Applied effect Slowness to Gator3000
[16:03:11] [Server thread/INFO]: Applied effect Slowness to Gator3000
[16:03:11] [Server thread/INFO]: Applied effect Slowness to Gator3000
[16:03:11] [Server thread/INFO]: Applied effect Slowness to Gator3000
[16:03:12] [Server thread/INFO]: Applied effect Slowness to Gator3000
[16:03:12] [Server thread/INFO]: Applied effect Slowness to Gator3000
[16:03:12] [Server thread/INFO]: Applied effect Slowness to Gator3000
[16:03:12] [Server thread/INFO]: Applied effect Slowness to Gator3000
[16:03:12] [Server thread/INFO]: Applied effect Slowness to Gator3000
[16:03:12] [Server thread/INFO]: Applied effect Slowness to Gator3000
[16:03:12] [Server thread/INFO]: Applied effect Slowness to Gator3000
[16:03:12] [Server thread/INFO]: Applied effect Slowness to Gator3000
[16:03:12] [Server thread/INFO]: Applied effect Slowness to Gator3000
[16:03:12] [Server thread/INFO]: Applied effect Slowness to Gator3000
[16:03:12] [Server thread/INFO]: Applied effect Slowness to Gator3000
[16:03:12] [Server thread/INFO]: Applied effect Slowness to Gator3000
[16:03:12] [Server thread/INFO]: Applied effect Slowness to Gator3000
[16:03:12] [Server thread/INFO]: Applied effect Slowness to Gator3000
[16:03:12] [Server thread/INFO]: Applied effect Slowness to Gator3000
[16:03:12] [Server thread/INFO]: Applied effect Slowness to Gator3000
[16:03:12] [Server thread/INFO]: Applied effect Slowness to Gator3000
[16:03:12] [Server thread/INFO]: Applied effect Slowness to Gator3000
[16:03:12] [Server thread/INFO]: Applied effect Slowness to Gator3000
[16:03:12] [Server thread/INFO]: Applied effect Slowness to Gator3000
[16:03:13] [Server thread/INFO]: Applied effect Slowness to Gator3000
[16:03:13] [Server thread/INFO]: Applied effect Slowness to Gator3000
[16:03:13] [Server thread/INFO]: Applied effect Slowness to Gator3000
[16:03:13] [Server thread/INFO]: Applied effect Slowness to Gator3000
[16:03:13] [Server thread/INFO]: Applied effect Slowness to Gator3000
[16:03:13] [Server thread/INFO]: Applied effect Slowness to Gator3000
[16:03:13] [Server thread/INFO]: Applied effect Slowness to Gator3000
[16:03:13] [Server thread/INFO]: Applied effect Slowness to Gator3000
[16:03:13] [Server thread/INFO]: Applied effect Slowness to Gator3000
[16:03:13] [Server thread/INFO]: Applied effect Slowness to Gator3000
[16:03:13] [Server thread/INFO]: Applied effect Slowness to Gator3000
[16:03:13] [Server thread/INFO]: Applied effect Slowness to Gator3000
[16:03:13] [Server thread/INFO]: Applied effect Slowness to Gator3000
[16:03:13] [Server thread/INFO]: Applied effect Slowness to Gator3000
[16:03:13] [Server thread/INFO]: Applied effect Slowness to Gator3000
[16:03:13] [Server thread/INFO]: Applied effect Slowness to Gator3000
[16:03:13] [Server thread/INFO]: Applied effect Slowness to Gator3000
[16:03:13] [Server thread/INFO]: Applied effect Slowness to Gator3000
[16:03:13] [Server thread/INFO]: Applied effect Slowness to Gator3000
[16:03:13] [Server thread/INFO]: Applied effect Slowness to Gator3000
[16:03:14] [Server thread/INFO]: Applied effect Slowness to Gator3000
[16:03:14] [Server thread/INFO]: Applied effect Slowness to Gator3000
[16:03:14] [Server thread/INFO]: Applied effect Slowness to Gator3000
[16:03:14] [Server thread/INFO]: Applied effect Slowness to Gator3000
[16:03:14] [Server thread/INFO]: Applied effect Slowness to Gator3000
[16:03:14] [Server thread/INFO]: Applied effect Slowness to Gator3000
[16:03:14] [Server thread/INFO]: Applied effect Slowness to Gator3000
[16:03:14] [Server thread/INFO]: Applied effect Slowness to Gator3000
[16:03:14] [Server thread/INFO]: Applied effect Slowness to Gator3000
[16:03:14] [Server thread/INFO]: Applied effect Slowness to Gator3000
[16:03:14] [Server thread/INFO]: Applied effect Slowness to Gator3000
[16:03:14] [Server thread/INFO]: Applied effect Slowness to Gator3000
[16:03:14] [Server thread/INFO]: Applied effect Slowness to Gator3000
[16:03:14] [Server thread/INFO]: Applied effect Slowness to Gator3000
[16:03:14] [Server thread/INFO]: Set 0 experience levels on Gator3000
[16:03:14] [Server thread/INFO]: Set 0 experience points on Gator3000
[16:03:14] [Server thread/INFO]: Applied effect Slowness to Gator3000
[16:03:14] [Server thread/INFO]: Applied effect Slowness to Gator3000
[16:03:14] [Server thread/INFO]: Applied effect Slowness to Gator3000
[16:03:14] [Server thread/INFO]: Applied effect Slowness to Gator3000
[16:03:14] [Server thread/INFO]: Removed effect Slowness from Gator3000
[16:03:18] [Server thread/INFO]: Set 0 experience levels on Gator3000
[16:03:18] [Server thread/INFO]: Set 0 experience points on Gator3000
[16:03:44] [Server thread/INFO]: Gator3000 issued server command: /initgamerules
[16:03:44] [Server thread/INFO]: [Gator3000: Gamerule announceAdvancements is now set to: false]
[16:03:44] [Server thread/INFO]: [Gator3000: Gamerule commandBlockOutput is now set to: false]
[16:03:44] [Server thread/INFO]: [Gator3000: Gamerule disableRaids is now set to: true]
[16:03:44] [Server thread/INFO]: [Gator3000: Gamerule doMobLoot is now set to: false]
[16:03:44] [Server thread/INFO]: [Gator3000: Gamerule doMobSpawning is now set to: false]
[16:03:44] [Server thread/INFO]: [Gator3000: Gamerule doPatrolSpawning is now set to: false]
[16:03:44] [Server thread/INFO]: [Gator3000: Gamerule doTraderSpawning is now set to: false]
[16:03:44] [Server thread/INFO]: [Gator3000: Gamerule doVinesSpread is now set to: false]
[16:03:44] [Server thread/INFO]: [Gator3000: Gamerule doWeatherCycle is now set to: false]
[16:03:44] [Server thread/INFO]: [Gator3000: Gamerule drowningDamage is now set to: false]
[16:03:44] [Server thread/INFO]: [Gator3000: Gamerule fallDamage is now set to: false]
[16:03:44] [Server thread/INFO]: [Gator3000: Gamerule keepInventory is now set to: true]
[16:03:44] [Server thread/INFO]: [Gator3000: Gamerule naturalRegeneration is now set to: false]
[16:03:44] [Server thread/INFO]: [Gator3000: Gamerule sendCommandFeedback is now set to: true]
[16:03:44] [Server thread/INFO]: [Gator3000: Gamerule showDeathMessages is now set to: false]
[16:03:44] [Server thread/INFO]: [Gator3000: Gamerule spawnRadius is now set to: 1]
[16:03:44] [Server thread/INFO]: [Gator3000: Gamerule spectatorsGenerateChunks is now set to: false]
[16:19:14] [Server thread/INFO]: Gator3000 issued server command: /mvtp lobby
[16:19:20] [Server thread/INFO]: Gator3000 issued server command: /mvconfirm
[16:19:23] [Server thread/INFO]: Gator3000 issued server command: /gamemode spectator
[16:19:23] [Server thread/INFO]: [Gator3000: Set own game mode to Spectator Mode]
[16:19:33] [Server thread/INFO]: Gator3000 issued server command: /gamemode adventure
[16:19:33] [Server thread/INFO]: [Gator3000: Set own game mode to Adventure Mode]
[16:19:36] [Server thread/INFO]: Gator3000 fell from a high place
[16:19:41] [Server thread/INFO]: Gator3000 issued server command: /gamemode spectator
[16:19:41] [Server thread/INFO]: [Gator3000: Set own game mode to Spectator Mode]
[16:19:46] [Server thread/INFO]: Gator3000 issued server command: /gamemode adventure
[16:19:46] [Server thread/INFO]: [Gator3000: Set own game mode to Adventure Mode]
[16:19:48] [Server thread/INFO]: Gator3000 issued server command: /gamemode spectator
[16:19:48] [Server thread/INFO]: [Gator3000: Set own game mode to Spectator Mode]
[16:19:50] [Server thread/INFO]: Gator3000 issued server command: /gamemode adventure
[16:19:50] [Server thread/INFO]: [Gator3000: Set own game mode to Adventure Mode]
[16:19:50] [Server thread/INFO]: Gator3000 issued server command: /gamemode spectator
[16:19:50] [Server thread/INFO]: [Gator3000: Set own game mode to Spectator Mode]
[16:19:52] [Server thread/INFO]: Gator3000 issued server command: /gamemode adventure
[16:19:52] [Server thread/INFO]: [Gator3000: Set own game mode to Adventure Mode]
[16:20:23] [Server thread/INFO]: Gator3000 issued server command: /mvsetspawn
[16:20:28] [Server thread/INFO]: Gator3000 issued server command: /mvtp map1
[16:20:36] [Server thread/INFO]: Gator3000 issued server command: /mvtp lobby
[16:20:39] [Server thread/INFO]: Gator3000 issued server command: /mvtp map1
[16:20:45] [Server thread/INFO]: Applied effect Slowness to Gator3000
[16:20:45] [Server thread/INFO]: Unable to apply this effect (target is either immune to effects, or has something stronger)
[16:20:45] [Server thread/INFO]: Applied effect Slowness to Gator3000
[16:20:45] [Server thread/INFO]: Applied effect Slowness to Gator3000
[16:20:45] [Server thread/INFO]: Applied effect Slowness to Gator3000
[16:20:45] [Server thread/INFO]: Applied effect Slowness to Gator3000
[16:20:45] [Server thread/INFO]: Applied effect Slowness to Gator3000
[16:20:45] [Server thread/INFO]: Applied effect Slowness to Gator3000
[16:20:45] [Server thread/INFO]: Applied effect Slowness to Gator3000
[16:20:45] [Server thread/INFO]: Applied effect Slowness to Gator3000
[16:20:45] [Server thread/INFO]: Applied effect Slowness to Gator3000
[16:20:45] [Server thread/INFO]: Applied effect Slowness to Gator3000
[16:20:45] [Server thread/INFO]: Applied effect Slowness to Gator3000
[16:20:45] [Server thread/INFO]: Applied effect Slowness to Gator3000
[16:20:45] [Server thread/INFO]: Applied effect Slowness to Gator3000
[16:20:45] [Server thread/INFO]: Applied effect Slowness to Gator3000
[16:20:46] [Server thread/INFO]: Applied effect Slowness to Gator3000
[16:20:46] [Server thread/INFO]: Applied effect Slowness to Gator3000
[16:20:46] [Server thread/INFO]: Applied effect Slowness to Gator3000
[16:20:46] [Server thread/INFO]: Applied effect Slowness to Gator3000
[16:20:46] [Server thread/INFO]: Applied effect Slowness to Gator3000
[16:20:46] [Server thread/INFO]: Applied effect Slowness to Gator3000
[16:20:46] [Server thread/INFO]: Applied effect Slowness to Gator3000
[16:20:46] [Server thread/INFO]: Applied effect Slowness to Gator3000
[16:20:46] [Server thread/INFO]: Applied effect Slowness to Gator3000
[16:20:46] [Server thread/INFO]: Applied effect Slowness to Gator3000
[16:20:46] [Server thread/INFO]: Applied effect Slowness to Gator3000
[16:20:46] [Server thread/INFO]: Applied effect Slowness to Gator3000
[16:20:46] [Server thread/INFO]: Applied effect Slowness to Gator3000
[16:20:46] [Server thread/INFO]: Applied effect Slowness to Gator3000
[16:20:46] [Server thread/INFO]: Applied effect Slowness to Gator3000
[16:20:46] [Server thread/INFO]: Applied effect Slowness to Gator3000
[16:20:46] [Server thread/INFO]: Applied effect Slowness to Gator3000
[16:20:46] [Server thread/INFO]: Applied effect Slowness to Gator3000
[16:20:46] [Server thread/INFO]: Applied effect Slowness to Gator3000
[16:20:46] [Server thread/INFO]: Applied effect Slowness to Gator3000
[16:20:47] [Server thread/INFO]: Applied effect Slowness to Gator3000
[16:20:47] [Server thread/INFO]: Removed effect Slowness from Gator3000
[16:20:48] [Server thread/INFO]: Applied effect Slowness to Gator3000
[16:20:48] [Server thread/INFO]: Unable to apply this effect (target is either immune to effects, or has something stronger)
[16:20:48] [Server thread/INFO]: Applied effect Slowness to Gator3000
[16:20:48] [Server thread/INFO]: Applied effect Slowness to Gator3000
[16:20:48] [Server thread/INFO]: Applied effect Slowness to Gator3000
[16:20:48] [Server thread/INFO]: Applied effect Slowness to Gator3000
[16:20:48] [Server thread/INFO]: Applied effect Slowness to Gator3000
[16:20:48] [Server thread/INFO]: Applied effect Slowness to Gator3000
[16:20:48] [Server thread/INFO]: Applied effect Slowness to Gator3000
[16:20:48] [Server thread/INFO]: Applied effect Slowness to Gator3000
[16:20:48] [Server thread/INFO]: Applied effect Slowness to Gator3000
[16:20:48] [Server thread/INFO]: Applied effect Slowness to Gator3000
[16:20:48] [Server thread/INFO]: Applied effect Slowness to Gator3000
[16:20:48] [Server thread/INFO]: Applied effect Slowness to Gator3000
[16:20:48] [Server thread/INFO]: Applied effect Slowness to Gator3000
[16:20:48] [Server thread/INFO]: Applied effect Slowness to Gator3000
[16:20:48] [Server thread/INFO]: Applied effect Slowness to Gator3000
[16:20:48] [Server thread/INFO]: Applied effect Slowness to Gator3000
[16:20:48] [Server thread/INFO]: Applied effect Slowness to Gator3000
[16:20:48] [Server thread/INFO]: Applied effect Slowness to Gator3000
[16:20:49] [Server thread/INFO]: Applied effect Slowness to Gator3000
[16:20:49] [Server thread/INFO]: Applied effect Slowness to Gator3000
[16:20:49] [Server thread/INFO]: Applied effect Slowness to Gator3000
[16:20:49] [Server thread/INFO]: Applied effect Slowness to Gator3000
[16:20:49] [Server thread/INFO]: Applied effect Slowness to Gator3000
[16:20:49] [Server thread/INFO]: Applied effect Slowness to Gator3000
[16:20:49] [Server thread/INFO]: Applied effect Slowness to Gator3000
[16:20:49] [Server thread/INFO]: Set 0 experience levels on Gator3000
[16:20:49] [Server thread/INFO]: Set 0 experience points on Gator3000
[16:20:49] [Server thread/INFO]: Applied effect Slowness to Gator3000
[16:20:49] [Server thread/INFO]: Applied effect Slowness to Gator3000
[16:20:49] [Server thread/INFO]: Applied effect Slowness to Gator3000
[16:20:49] [Server thread/INFO]: Applied effect Slowness to Gator3000
[16:20:49] [Server thread/INFO]: Applied effect Slowness to Gator3000
[16:20:49] [Server thread/INFO]: Applied effect Slowness to Gator3000
[16:20:49] [Server thread/INFO]: Applied effect Slowness to Gator3000
[16:20:49] [Server thread/INFO]: Applied effect Slowness to Gator3000
[16:20:49] [Server thread/INFO]: Applied effect Slowness to Gator3000
[16:20:49] [Server thread/INFO]: Applied effect Slowness to Gator3000
[16:20:49] [Server thread/INFO]: Applied effect Slowness to Gator3000
[16:20:49] [Server thread/INFO]: Set 0 experience levels on Gator3000
[16:20:49] [Server thread/INFO]: Set 0 experience points on Gator3000
[16:20:49] [Server thread/INFO]: Applied effect Slowness to Gator3000
[16:20:49] [Server thread/INFO]: Applied effect Slowness to Gator3000
[16:20:50] [Server thread/INFO]: Applied effect Slowness to Gator3000
[16:20:50] [Server thread/INFO]: Applied effect Slowness to Gator3000
[16:20:50] [Server thread/INFO]: Applied effect Slowness to Gator3000
[16:20:50] [Server thread/INFO]: Applied effect Slowness to Gator3000
[16:20:50] [Server thread/INFO]: Applied effect Slowness to Gator3000
[16:20:50] [Server thread/INFO]: Applied effect Slowness to Gator3000
[16:20:50] [Server thread/INFO]: Applied effect Slowness to Gator3000
[16:20:50] [Server thread/INFO]: Applied effect Slowness to Gator3000
[16:20:50] [Server thread/INFO]: Removed effect Slowness from Gator3000
[16:20:50] [Server thread/INFO]: Target doesn't have the requested effect
[16:20:52] [Server thread/INFO]: Set 0 experience levels on Gator3000
[16:20:52] [Server thread/INFO]: Set 0 experience points on Gator3000
[16:20:53] [Server thread/INFO]: Set 0 experience levels on Gator3000
[16:20:53] [Server thread/INFO]: Set 0 experience points on Gator3000
[16:20:59] [Server thread/INFO]: Gator3000 issued server command: /sk reload minijeu.sk
[16:21:01] [Server thread/INFO]: Pre-clearing ...
[16:21:01] [Server thread/INFO]: Removing teams ...
[16:21:01] [Server thread/INFO]: Removed team [Blue]
[16:21:01] [Server thread/INFO]: Removed team [Red]
[16:21:01] [Server thread/INFO]: Created team [Red]
[16:21:01] [Server thread/INFO]: Updated the color for team [Red] to red
[16:21:01] [Server thread/INFO]: Collision rule for team [Red] is now "Never"
[16:21:01] [Server thread/INFO]: Disabled friendly fire for team [Red]
[16:21:01] [Server thread/INFO]: Nametag visibility for team [Red] is now "Hide for other teams"
[16:21:01] [Server thread/INFO]: Created team [Blue]
[16:21:01] [Server thread/INFO]: Updated the color for team [Blue] to blue
[16:21:01] [Server thread/INFO]: Collision rule for team [Blue] is now "Never"
[16:21:01] [Server thread/INFO]: Disabled friendly fire for team [Blue]
[16:21:01] [Server thread/INFO]: Nametag visibility for team [Blue] is now "Hide for other teams"
[16:21:01] [Server thread/INFO]: Clearing workspace ...
[16:21:01] [Server thread/INFO]: Teams Initialized by <none> !
[16:21:01] [Server thread/INFO]: Make you sure to rejoin your team for a good experience !
[16:21:18] [Server thread/INFO]: Set 0 experience levels on Gator3000
[16:21:18] [Server thread/INFO]: Set 0 experience points on Gator3000
[16:21:22] [Server thread/INFO]: Set 0 experience levels on Gator3000
[16:21:22] [Server thread/INFO]: Set 0 experience points on Gator3000
[16:24:18] [Server thread/INFO]: Applied effect Slowness to Gator3000
[16:24:18] [Server thread/INFO]: Unable to apply this effect (target is either immune to effects, or has something stronger)
[16:24:18] [Server thread/INFO]: Applied effect Slowness to Gator3000
[16:24:18] [Server thread/INFO]: Applied effect Slowness to Gator3000
[16:24:18] [Server thread/INFO]: Applied effect Slowness to Gator3000
[16:24:18] [Server thread/INFO]: Applied effect Slowness to Gator3000
[16:24:18] [Server thread/INFO]: Applied effect Slowness to Gator3000
[16:24:18] [Server thread/INFO]: Applied effect Slowness to Gator3000
[16:24:18] [Server thread/INFO]: Applied effect Slowness to Gator3000
[16:24:18] [Server thread/INFO]: Applied effect Slowness to Gator3000
[16:24:18] [Server thread/INFO]: Applied effect Slowness to Gator3000
[16:24:18] [Server thread/INFO]: Applied effect Slowness to Gator3000
[16:24:18] [Server thread/INFO]: Applied effect Slowness to Gator3000
[16:24:18] [Server thread/INFO]: Applied effect Slowness to Gator3000
[16:24:18] [Server thread/INFO]: Applied effect Slowness to Gator3000
[16:24:18] [Server thread/INFO]: Applied effect Slowness to Gator3000
[16:24:19] [Server thread/INFO]: Applied effect Slowness to Gator3000
[16:24:19] [Server thread/INFO]: Applied effect Slowness to Gator3000
[16:24:19] [Server thread/INFO]: Applied effect Slowness to Gator3000
[16:24:19] [Server thread/INFO]: Applied effect Slowness to Gator3000
[16:24:19] [Server thread/INFO]: Applied effect Slowness to Gator3000
[16:24:19] [Server thread/INFO]: Applied effect Slowness to Gator3000
[16:24:19] [Server thread/INFO]: Applied effect Slowness to Gator3000
[16:24:19] [Server thread/INFO]: Applied effect Slowness to Gator3000
[16:24:19] [Server thread/INFO]: Applied effect Slowness to Gator3000
[16:24:19] [Server thread/INFO]: Applied effect Slowness to Gator3000
[16:24:19] [Server thread/INFO]: Applied effect Slowness to Gator3000
[16:24:19] [Server thread/INFO]: Applied effect Slowness to Gator3000
[16:24:19] [Server thread/INFO]: Applied effect Slowness to Gator3000
[16:24:19] [Server thread/INFO]: Applied effect Slowness to Gator3000
[16:24:19] [Server thread/INFO]: Applied effect Slowness to Gator3000
[16:24:19] [Server thread/INFO]: Applied effect Slowness to Gator3000
[16:24:19] [Server thread/INFO]: Applied effect Slowness to Gator3000
[16:24:19] [Server thread/INFO]: Applied effect Slowness to Gator3000
[16:24:19] [Server thread/INFO]: Applied effect Slowness to Gator3000
[16:24:19] [Server thread/INFO]: Applied effect Slowness to Gator3000
[16:24:20] [Server thread/INFO]: Applied effect Slowness to Gator3000
[16:24:20] [Server thread/INFO]: Applied effect Slowness to Gator3000
[16:24:20] [Server thread/INFO]: Applied effect Slowness to Gator3000
[16:24:20] [Server thread/INFO]: Applied effect Slowness to Gator3000
[16:24:20] [Server thread/INFO]: Applied effect Slowness to Gator3000
[16:24:20] [Server thread/INFO]: Applied effect Slowness to Gator3000
[16:24:20] [Server thread/INFO]: Applied effect Slowness to Gator3000
[16:24:20] [Server thread/INFO]: Applied effect Slowness to Gator3000
[16:24:20] [Server thread/INFO]: Applied effect Slowness to Gator3000
[16:24:20] [Server thread/INFO]: Applied effect Slowness to Gator3000
[16:24:20] [Server thread/INFO]: Applied effect Slowness to Gator3000
[16:24:20] [Server thread/INFO]: Applied effect Slowness to Gator3000
[16:24:20] [Server thread/INFO]: Applied effect Slowness to Gator3000
[16:24:20] [Server thread/INFO]: Applied effect Slowness to Gator3000
[16:24:20] [Server thread/INFO]: Applied effect Slowness to Gator3000
[16:24:20] [Server thread/INFO]: Applied effect Slowness to Gator3000
[16:24:20] [Server thread/INFO]: Applied effect Slowness to Gator3000
[16:24:20] [Server thread/INFO]: Applied effect Slowness to Gator3000
[16:24:20] [Server thread/INFO]: Applied effect Slowness to Gator3000
[16:24:20] [Server thread/INFO]: Applied effect Slowness to Gator3000
[16:24:21] [Server thread/INFO]: Applied effect Slowness to Gator3000
[16:24:21] [Server thread/INFO]: Applied effect Slowness to Gator3000
[16:24:21] [Server thread/INFO]: Applied effect Slowness to Gator3000
[16:24:21] [Server thread/INFO]: Applied effect Slowness to Gator3000
[16:24:21] [Server thread/INFO]: Applied effect Slowness to Gator3000
[16:24:21] [Server thread/INFO]: Applied effect Slowness to Gator3000
[16:24:21] [Server thread/INFO]: Applied effect Slowness to Gator3000
[16:24:21] [Server thread/INFO]: Applied effect Slowness to Gator3000
[16:24:21] [Server thread/INFO]: Applied effect Slowness to Gator3000
[16:24:21] [Server thread/INFO]: Applied effect Slowness to Gator3000
[16:24:21] [Server thread/INFO]: Applied effect Slowness to Gator3000
[16:24:21] [Server thread/INFO]: Applied effect Slowness to Gator3000
[16:24:21] [Server thread/INFO]: Applied effect Slowness to Gator3000
[16:24:21] [Server thread/INFO]: Applied effect Slowness to Gator3000
[16:24:21] [Server thread/INFO]: Applied effect Slowness to Gator3000
[16:24:21] [Server thread/INFO]: Applied effect Slowness to Gator3000
[16:24:21] [Server thread/INFO]: Applied effect Slowness to Gator3000
[16:24:21] [Server thread/INFO]: Applied effect Slowness to Gator3000
[16:24:21] [Server thread/INFO]: Applied effect Slowness to Gator3000
[16:24:21] [Server thread/INFO]: Applied effect Slowness to Gator3000
[16:24:22] [Server thread/INFO]: Applied effect Slowness to Gator3000
[16:24:22] [Server thread/INFO]: Applied effect Slowness to Gator3000
[16:24:22] [Server thread/INFO]: Applied effect Slowness to Gator3000
[16:24:22] [Server thread/INFO]: Applied effect Slowness to Gator3000
[16:24:22] [Server thread/INFO]: Applied effect Slowness to Gator3000
[16:24:22] [Server thread/INFO]: Applied effect Slowness to Gator3000
[16:24:22] [Server thread/INFO]: Applied effect Slowness to Gator3000
[16:24:22] [Server thread/INFO]: Applied effect Slowness to Gator3000
[16:24:22] [Server thread/INFO]: Applied effect Slowness to Gator3000
[16:24:22] [Server thread/INFO]: Applied effect Slowness to Gator3000
[16:24:22] [Server thread/INFO]: Applied effect Slowness to Gator3000
[16:24:22] [Server thread/INFO]: Applied effect Slowness to Gator3000
[16:24:22] [Server thread/INFO]: Applied effect Slowness to Gator3000
[16:24:22] [Server thread/INFO]: Applied effect Slowness to Gator3000
[16:24:22] [Server thread/INFO]: Applied effect Slowness to Gator3000
[16:24:22] [Server thread/INFO]: Applied effect Slowness to Gator3000
[16:24:22] [Server thread/INFO]: Applied effect Slowness to Gator3000
[16:24:22] [Server thread/INFO]: Applied effect Slowness to Gator3000
[16:24:22] [Server thread/INFO]: Applied effect Slowness to Gator3000
[16:24:22] [Server thread/INFO]: Applied effect Slowness to Gator3000
[16:24:23] [Server thread/INFO]: Applied effect Slowness to Gator3000
[16:24:23] [Server thread/INFO]: Applied effect Slowness to Gator3000
[16:24:23] [Server thread/INFO]: Applied effect Slowness to Gator3000
[16:24:23] [Server thread/INFO]: Applied effect Slowness to Gator3000
[16:24:23] [Server thread/INFO]: Applied effect Slowness to Gator3000
[16:24:23] [Server thread/INFO]: Applied effect Slowness to Gator3000
[16:24:23] [Server thread/INFO]: Applied effect Slowness to Gator3000
[16:24:23] [Server thread/INFO]: Removed effect Slowness from Gator3000
[16:24:36] [Server thread/INFO]: Killed 259 entities
[16:24:38] [Server thread/INFO]: Killed 252 entities
[16:24:50] [Server thread/INFO]: Set 0 experience levels on Gator3000
[16:24:50] [Server thread/INFO]: Set 0 experience points on Gator3000
[16:24:53] [Server thread/INFO]: Set 0 experience levels on Gator3000
[16:24:53] [Server thread/INFO]: Set 0 experience points on Gator3000
[16:24:58] [Server thread/INFO]: Set 0 experience levels on Gator3000
[16:24:58] [Server thread/INFO]: Set 0 experience points on Gator3000
[16:25:03] [Server thread/INFO]: Set 0 experience levels on Gator3000
[16:25:03] [Server thread/INFO]: Set 0 experience points on Gator3000
[16:25:08] [Server thread/INFO]: Applied effect Slowness to Gator3000
[16:25:08] [Server thread/INFO]: Unable to apply this effect (target is either immune to effects, or has something stronger)
[16:25:08] [Server thread/INFO]: Applied effect Slowness to Gator3000
[16:25:08] [Server thread/INFO]: Applied effect Slowness to Gator3000
[16:25:09] [Server thread/INFO]: Applied effect Slowness to Gator3000
[16:25:09] [Server thread/INFO]: Applied effect Slowness to Gator3000
[16:25:09] [Server thread/INFO]: Applied effect Slowness to Gator3000
[16:25:09] [Server thread/INFO]: Applied effect Slowness to Gator3000
[16:25:09] [Server thread/INFO]: Applied effect Slowness to Gator3000
[16:25:09] [Server thread/INFO]: Applied effect Slowness to Gator3000
[16:25:09] [Server thread/INFO]: Applied effect Slowness to Gator3000
[16:25:09] [Server thread/INFO]: Applied effect Slowness to Gator3000
[16:25:09] [Server thread/INFO]: Applied effect Slowness to Gator3000
[16:25:09] [Server thread/INFO]: Applied effect Slowness to Gator3000
[16:25:09] [Server thread/INFO]: Applied effect Slowness to Gator3000
[16:25:09] [Server thread/INFO]: Applied effect Slowness to Gator3000
[16:25:09] [Server thread/INFO]: Applied effect Slowness to Gator3000
[16:25:09] [Server thread/INFO]: Applied effect Slowness to Gator3000
[16:25:09] [Server thread/INFO]: Applied effect Slowness to Gator3000
[16:25:09] [Server thread/INFO]: Applied effect Slowness to Gator3000
[16:25:09] [Server thread/INFO]: Applied effect Slowness to Gator3000
[16:25:09] [Server thread/INFO]: Applied effect Slowness to Gator3000
[16:25:09] [Server thread/INFO]: Applied effect Slowness to Gator3000
[16:25:09] [Server thread/INFO]: Applied effect Slowness to Gator3000
[16:25:10] [Server thread/INFO]: Applied effect Slowness to Gator3000
[16:25:10] [Server thread/INFO]: Applied effect Slowness to Gator3000
[16:25:10] [Server thread/INFO]: Applied effect Slowness to Gator3000
[16:25:10] [Server thread/INFO]: Applied effect Slowness to Gator3000
[16:25:10] [Server thread/INFO]: Applied effect Slowness to Gator3000
[16:25:10] [Server thread/INFO]: Applied effect Slowness to Gator3000
[16:25:10] [Server thread/INFO]: Applied effect Slowness to Gator3000
[16:25:10] [Server thread/INFO]: Applied effect Slowness to Gator3000
[16:25:10] [Server thread/INFO]: Applied effect Slowness to Gator3000
[16:25:10] [Server thread/INFO]: Applied effect Slowness to Gator3000
[16:25:10] [Server thread/INFO]: Applied effect Slowness to Gator3000
[16:25:10] [Server thread/INFO]: Applied effect Slowness to Gator3000
[16:25:10] [Server thread/INFO]: Applied effect Slowness to Gator3000
[16:25:10] [Server thread/INFO]: Applied effect Slowness to Gator3000
[16:25:10] [Server thread/INFO]: Applied effect Slowness to Gator3000
[16:25:10] [Server thread/INFO]: Applied effect Slowness to Gator3000
[16:25:10] [Server thread/INFO]: Applied effect Slowness to Gator3000
[16:25:10] [Server thread/INFO]: Applied effect Slowness to Gator3000
[16:25:10] [Server thread/INFO]: Applied effect Slowness to Gator3000
[16:25:10] [Server thread/INFO]: Applied effect Slowness to Gator3000
[16:25:11] [Server thread/INFO]: Applied effect Slowness to Gator3000
[16:25:11] [Server thread/INFO]: Applied effect Slowness to Gator3000
[16:25:11] [Server thread/INFO]: Applied effect Slowness to Gator3000
[16:25:11] [Server thread/INFO]: Applied effect Slowness to Gator3000
[16:25:11] [Server thread/INFO]: Applied effect Slowness to Gator3000
[16:25:11] [Server thread/INFO]: Applied effect Slowness to Gator3000
[16:25:11] [Server thread/INFO]: Applied effect Slowness to Gator3000
[16:25:11] [Server thread/INFO]: Applied effect Slowness to Gator3000
[16:25:11] [Server thread/INFO]: Applied effect Slowness to Gator3000
[16:25:11] [Server thread/INFO]: Applied effect Slowness to Gator3000
[16:25:11] [Server thread/INFO]: Applied effect Slowness to Gator3000
[16:25:11] [Server thread/INFO]: Applied effect Slowness to Gator3000
[16:25:11] [Server thread/INFO]: Applied effect Slowness to Gator3000
[16:25:11] [Server thread/INFO]: Applied effect Slowness to Gator3000
[16:25:11] [Server thread/INFO]: Applied effect Slowness to Gator3000
[16:25:11] [Server thread/INFO]: Applied effect Slowness to Gator3000
[16:25:11] [Server thread/INFO]: Applied effect Slowness to Gator3000
[16:25:11] [Server thread/INFO]: Applied effect Slowness to Gator3000
[16:25:11] [Server thread/INFO]: Applied effect Slowness to Gator3000
[16:25:11] [Server thread/INFO]: Applied effect Slowness to Gator3000
[16:25:12] [Server thread/INFO]: Applied effect Slowness to Gator3000
[16:25:12] [Server thread/INFO]: Applied effect Slowness to Gator3000
[16:25:12] [Server thread/INFO]: Applied effect Slowness to Gator3000
[16:25:12] [Server thread/INFO]: Applied effect Slowness to Gator3000
[16:25:12] [Server thread/INFO]: Applied effect Slowness to Gator3000
[16:25:12] [Server thread/INFO]: Applied effect Slowness to Gator3000
[16:25:12] [Server thread/INFO]: Applied effect Slowness to Gator3000
[16:25:12] [Server thread/INFO]: Applied effect Slowness to Gator3000
[16:25:12] [Server thread/INFO]: Applied effect Slowness to Gator3000
[16:25:12] [Server thread/INFO]: Applied effect Slowness to Gator3000
[16:25:12] [Server thread/INFO]: Applied effect Slowness to Gator3000
[16:25:12] [Server thread/INFO]: Applied effect Slowness to Gator3000
[16:25:12] [Server thread/INFO]: Applied effect Slowness to Gator3000
[16:25:12] [Server thread/INFO]: Set 0 experience levels on Gator3000
[16:25:12] [Server thread/INFO]: Set 0 experience points on Gator3000
[16:25:12] [Server thread/INFO]: Applied effect Slowness to Gator3000
[16:25:12] [Server thread/INFO]: Applied effect Slowness to Gator3000
[16:25:12] [Server thread/INFO]: Applied effect Slowness to Gator3000
[16:25:12] [Server thread/INFO]: Applied effect Slowness to Gator3000
[16:25:12] [Server thread/INFO]: Applied effect Slowness to Gator3000
[16:25:12] [Server thread/INFO]: Applied effect Slowness to Gator3000
[16:25:12] [Server thread/INFO]: Applied effect Slowness to Gator3000
[16:25:13] [Server thread/INFO]: Applied effect Slowness to Gator3000
[16:25:13] [Server thread/INFO]: Applied effect Slowness to Gator3000
[16:25:13] [Server thread/INFO]: Applied effect Slowness to Gator3000
[16:25:13] [Server thread/INFO]: Applied effect Slowness to Gator3000
[16:25:13] [Server thread/INFO]: Applied effect Slowness to Gator3000
[16:25:13] [Server thread/INFO]: Applied effect Slowness to Gator3000
[16:25:13] [Server thread/INFO]: Applied effect Slowness to Gator3000
[16:25:13] [Server thread/INFO]: Applied effect Slowness to Gator3000
[16:25:13] [Server thread/INFO]: Applied effect Slowness to Gator3000
[16:25:13] [Server thread/INFO]: Applied effect Slowness to Gator3000
[16:25:13] [Server thread/INFO]: Applied effect Slowness to Gator3000
[16:25:13] [Server thread/INFO]: Applied effect Slowness to Gator3000
[16:25:13] [Server thread/INFO]: Applied effect Slowness to Gator3000
[16:25:13] [Server thread/INFO]: Killed 263 entities
[16:25:13] [Server thread/INFO]: Applied effect Slowness to Gator3000
[16:25:13] [Server thread/INFO]: Applied effect Slowness to Gator3000
[16:25:13] [Server thread/INFO]: Applied effect Slowness to Gator3000
[16:25:13] [Server thread/INFO]: Applied effect Slowness to Gator3000
[16:25:13] [Server thread/INFO]: Applied effect Slowness to Gator3000
[16:25:13] [Server thread/INFO]: Applied effect Slowness to Gator3000
[16:25:13] [Server thread/INFO]: Applied effect Slowness to Gator3000
[16:25:14] [Server thread/INFO]: Applied effect Slowness to Gator3000
[16:25:14] [Server thread/INFO]: Applied effect Slowness to Gator3000
[16:25:14] [Server thread/INFO]: Applied effect Slowness to Gator3000
[16:25:14] [Server thread/INFO]: Applied effect Slowness to Gator3000
[16:25:14] [Server thread/INFO]: Applied effect Slowness to Gator3000
[16:25:14] [Server thread/INFO]: Applied effect Slowness to Gator3000
[16:25:14] [Server thread/INFO]: Applied effect Slowness to Gator3000
[16:25:14] [Server thread/INFO]: Applied effect Slowness to Gator3000
[16:25:14] [Server thread/INFO]: Applied effect Slowness to Gator3000
[16:25:14] [Server thread/INFO]: Applied effect Slowness to Gator3000
[16:25:14] [Server thread/INFO]: Applied effect Slowness to Gator3000
[16:25:14] [Server thread/INFO]: Applied effect Slowness to Gator3000
[16:25:14] [Server thread/INFO]: Applied effect Slowness to Gator3000
[16:25:14] [Server thread/INFO]: Applied effect Slowness to Gator3000
[16:25:14] [Server thread/INFO]: Applied effect Slowness to Gator3000
[16:25:14] [Server thread/INFO]: Applied effect Slowness to Gator3000
[16:25:14] [Server thread/INFO]: Applied effect Slowness to Gator3000
[16:25:14] [Server thread/INFO]: Applied effect Slowness to Gator3000
[16:25:14] [Server thread/INFO]: Applied effect Slowness to Gator3000
[16:25:14] [Server thread/INFO]: Applied effect Slowness to Gator3000
[16:25:15] [Server thread/INFO]: Applied effect Slowness to Gator3000
[16:25:15] [Server thread/INFO]: Applied effect Slowness to Gator3000
[16:25:15] [Server thread/INFO]: Applied effect Slowness to Gator3000
[16:25:15] [Server thread/INFO]: Applied effect Slowness to Gator3000
[16:25:15] [Server thread/INFO]: Applied effect Slowness to Gator3000
[16:25:15] [Server thread/INFO]: Applied effect Slowness to Gator3000
[16:25:15] [Server thread/INFO]: Applied effect Slowness to Gator3000
[16:25:15] [Server thread/INFO]: Applied effect Slowness to Gator3000
[16:25:15] [Server thread/INFO]: Applied effect Slowness to Gator3000
[16:25:15] [Server thread/INFO]: Applied effect Slowness to Gator3000
[16:25:15] [Server thread/INFO]: Applied effect Slowness to Gator3000
[16:25:15] [Server thread/INFO]: Applied effect Slowness to Gator3000
[16:25:15] [Server thread/INFO]: Applied effect Slowness to Gator3000
[16:25:15] [Server thread/INFO]: Applied effect Slowness to Gator3000
[16:25:15] [Server thread/INFO]: Applied effect Slowness to Gator3000
[16:25:15] [Server thread/INFO]: Applied effect Slowness to Gator3000
[16:25:15] [Server thread/INFO]: Applied effect Slowness to Gator3000
[16:25:15] [Server thread/INFO]: Applied effect Slowness to Gator3000
[16:25:15] [Server thread/INFO]: Applied effect Slowness to Gator3000
[16:25:15] [Server thread/INFO]: Applied effect Slowness to Gator3000
[16:25:16] [Server thread/INFO]: Applied effect Slowness to Gator3000
[16:25:16] [Server thread/INFO]: Applied effect Slowness to Gator3000
[16:25:16] [Server thread/INFO]: Applied effect Slowness to Gator3000
[16:25:16] [Server thread/INFO]: Applied effect Slowness to Gator3000
[16:25:16] [Server thread/INFO]: Applied effect Slowness to Gator3000
[16:25:16] [Server thread/INFO]: Set 0 experience levels on Gator3000
[16:25:16] [Server thread/INFO]: Set 0 experience points on Gator3000
[16:25:16] [Server thread/INFO]: Applied effect Slowness to Gator3000
[16:25:16] [Server thread/INFO]: Applied effect Slowness to Gator3000
[16:25:16] [Server thread/INFO]: Applied effect Slowness to Gator3000
[16:25:16] [Server thread/INFO]: Applied effect Slowness to Gator3000
[16:25:16] [Server thread/INFO]: Applied effect Slowness to Gator3000
[16:25:16] [Server thread/INFO]: Applied effect Slowness to Gator3000
[16:25:16] [Server thread/INFO]: Applied effect Slowness to Gator3000
[16:25:16] [Server thread/INFO]: Applied effect Slowness to Gator3000
[16:25:16] [Server thread/INFO]: Applied effect Slowness to Gator3000
[16:25:16] [Server thread/INFO]: Applied effect Slowness to Gator3000
[16:25:16] [Server thread/INFO]: Applied effect Slowness to Gator3000
[16:25:16] [Server thread/INFO]: Applied effect Slowness to Gator3000
[16:25:16] [Server thread/INFO]: Applied effect Slowness to Gator3000
[16:25:16] [Server thread/INFO]: Applied effect Slowness to Gator3000
[16:25:16] [Server thread/INFO]: Applied effect Slowness to Gator3000
[16:25:17] [Server thread/INFO]: Applied effect Slowness to Gator3000
[16:25:17] [Server thread/INFO]: Applied effect Slowness to Gator3000
[16:25:17] [Server thread/INFO]: Applied effect Slowness to Gator3000
[16:25:17] [Server thread/INFO]: Applied effect Slowness to Gator3000
[16:25:17] [Server thread/INFO]: Applied effect Slowness to Gator3000
[16:25:17] [Server thread/INFO]: Applied effect Slowness to Gator3000
[16:25:17] [Server thread/INFO]: Applied effect Slowness to Gator3000
[16:25:17] [Server thread/INFO]: Applied effect Slowness to Gator3000
[16:25:17] [Server thread/INFO]: Applied effect Slowness to Gator3000
[16:25:17] [Server thread/INFO]: Applied effect Slowness to Gator3000
[16:25:17] [Server thread/INFO]: Applied effect Slowness to Gator3000
[16:25:17] [Server thread/INFO]: Applied effect Slowness to Gator3000
[16:25:17] [Server thread/INFO]: Applied effect Slowness to Gator3000
[16:25:17] [Server thread/INFO]: Applied effect Slowness to Gator3000
[16:25:17] [Server thread/INFO]: Applied effect Slowness to Gator3000
[16:25:17] [Server thread/INFO]: Applied effect Slowness to Gator3000
[16:25:17] [Server thread/INFO]: Applied effect Slowness to Gator3000
[16:25:17] [Server thread/INFO]: Applied effect Slowness to Gator3000
[16:25:17] [Server thread/INFO]: Applied effect Slowness to Gator3000
[16:25:17] [Server thread/INFO]: Applied effect Slowness to Gator3000
[16:25:18] [Server thread/INFO]: Applied effect Slowness to Gator3000
[16:25:18] [Server thread/INFO]: Applied effect Slowness to Gator3000
[16:25:18] [Server thread/INFO]: Applied effect Slowness to Gator3000
[16:25:18] [Server thread/INFO]: Applied effect Slowness to Gator3000
[16:25:18] [Server thread/INFO]: Removed effect Slowness from Gator3000
[16:25:32] [Server thread/INFO]: Killed 239 entities
[16:25:33] [Server thread/INFO]: Killed 254 entities
[16:27:14] [Server thread/INFO]: Stopping the server
[16:27:14] [Server thread/INFO]: Stopping server
[16:27:14] [Server thread/INFO]: [RandomSk] Disabling RandomSk v2.7.2
[16:27:14] [Server thread/INFO]: [SkQuery] Disabling SkQuery v4.1.10
[16:27:14] [Server thread/INFO]: [Multiverse-Core] Disabling Multiverse-Core v4.3.1-b861
[16:27:14] [Server thread/INFO]: [Skuishy] Disabling Skuishy v2.7
[16:27:14] [Server thread/INFO]: [ProtocolLib] Disabling ProtocolLib v5.3.0-SNAPSHOT-723
[16:27:14] [Server thread/INFO]: [SkBee] Disabling SkBee v3.5.7
[16:27:14] [Server thread/INFO]: [Skript] Disabling Skript v2.9.0
[16:27:14] [Server thread/INFO]: Saving players
[16:27:14] [Server thread/INFO]: Gator3000 lost connection: Server closed by Gator3000's PC
[16:27:14] [Server thread/INFO]: Gator3000 left the game
[16:27:14] [Server thread/INFO]: Saving worlds
[16:27:14] [Server thread/INFO]: Saving chunks for level 'ServerLevel[lobby]'/minecraft:overworld
[16:27:14] [Server thread/INFO]: [ChunkHolderManager] Waiting 60s for chunk system to halt for world 'lobby'
[16:27:14] [Server thread/INFO]: [ChunkHolderManager] Halted chunk system for world 'lobby'
[16:27:14] [Server thread/INFO]: [ChunkHolderManager] Saving all chunkholders for world 'lobby'
[16:27:14] [Server thread/INFO]: [ChunkHolderManager] Saved 0 block chunks, 39 entity chunks, 0 poi chunks in world 'lobby' in 0,00s
[16:27:14] [Server thread/INFO]: ThreadedAnvilChunkStorage (lobby): All chunks are saved
[16:27:14] [Server thread/INFO]: Saving chunks for level 'ServerLevel[lobby_the_end]'/minecraft:the_end
[16:27:14] [Server thread/INFO]: [ChunkHolderManager] Waiting 60s for chunk system to halt for world 'lobby_the_end'
[16:27:14] [Server thread/INFO]: [ChunkHolderManager] Halted chunk system for world 'lobby_the_end'
[16:27:14] [Server thread/INFO]: [ChunkHolderManager] Saving all chunkholders for world 'lobby_the_end'
[16:27:14] [Server thread/INFO]: [ChunkHolderManager] Saved 10 block chunks, 10 entity chunks, 0 poi chunks in world 'lobby_the_end' in 0,01s
[16:27:14] [Server thread/INFO]: ThreadedAnvilChunkStorage (DIM1): All chunks are saved
[16:27:14] [Server thread/INFO]: Saving chunks for level 'ServerLevel[map1]'/minecraft:map1
[16:27:14] [Server thread/INFO]: [ChunkHolderManager] Waiting 60s for chunk system to halt for world 'map1'
[16:27:14] [Server thread/INFO]: [ChunkHolderManager] Halted chunk system for world 'map1'
[16:27:14] [Server thread/INFO]: [ChunkHolderManager] Saving all chunkholders for world 'map1'
[16:27:14] [Server thread/INFO]: [ChunkHolderManager] Saved 3 block chunks, 1 entity chunks, 0 poi chunks in world 'map1' in 0,00s
[16:27:14] [Server thread/INFO]: ThreadedAnvilChunkStorage (map1): All chunks are saved
[16:27:14] [Server thread/INFO]: Saving chunks for level 'ServerLevel[map0]'/minecraft:map0
[16:27:14] [Server thread/INFO]: [ChunkHolderManager] Waiting 60s for chunk system to halt for world 'map0'
[16:27:14] [Server thread/INFO]: [ChunkHolderManager] Halted chunk system for world 'map0'
[16:27:14] [Server thread/INFO]: [ChunkHolderManager] Saving all chunkholders for world 'map0'
[16:27:14] [Server thread/INFO]: [ChunkHolderManager] Saved 5 block chunks, 0 entity chunks, 0 poi chunks in world 'map0' in 0,01s
[16:27:14] [Server thread/INFO]: ThreadedAnvilChunkStorage (map0): All chunks are saved
[16:27:14] [Server thread/INFO]: ThreadedAnvilChunkStorage: All dimensions are saved
[16:27:14] [Server thread/INFO]: Flushing Chunk IO
[16:27:14] [Server thread/INFO]: Closing Thread Pool
[16:27:14] [Server thread/INFO]: Closing Server
